Der Buildvorgang wurde am 17.03.2013 01:58:36 gestartet.
     1>Projekt "C:\Users\Ethem\Documents\Visual Studio 2010\Projects\Tetris\Tetris\Tetris.vcxproj" auf Knoten "2", build Ziel(e).
     1>InitializeBuildStatus:
         "Debug\Tetris.unsuccessfulbuild" wird erstellt, da "AlwaysCreate" angegeben wurde.
       ClCompile:
         C:\Program Files\Microsoft Visual Studio 10.0\VC\bin\CL.exe /c /ZI /nologo /W3 /WX- /Od /Oy- /D WIN32 /D _DEBUG /D _CONSOLE /D _UNICODE /D UNICODE /Gm /EHsc /RTC1 /MDd /GS /fp:precise /Zc:wchar_t /Zc:forScope /Fo"Debug\\" /Fd"Debug\vc100.pdb" /Gd /TP /analyze- /errorReport:prompt game.cpp
         game.cpp
       ManifestResourceCompile:
         Alle Ausgaben sind aktuell.
       Link:
         C:\Program Files\Microsoft Visual Studio 10.0\VC\bin\link.exe /ERRORREPORT:PROMPT /OUT:"C:\Users\Ethem\Documents\Visual Studio 2010\Projects\Tetris\Debug\Tetris.exe" /INCREMENTAL /NOLOGO kernel32.lib user32.lib gdi32.lib winspool.lib comdlg32.lib advapi32.lib shell32.lib ole32.lib oleaut32.lib uuid.lib odbc32.lib odbccp32.lib /MANIFEST /ManifestFile:"Debug\Tetris.exe.intermediate.manifest" /MANIFESTUAC:"level='asInvoker' uiAccess='false'" /DEBUG /PDB:"C:\Users\Ethem\Documents\Visual Studio 2010\Projects\Tetris\Debug\Tetris.pdb" /SUBSYSTEM:CONSOLE /TLBID:1 /DYNAMICBASE /NXCOMPAT /IMPLIB:"C:\Users\Ethem\Documents\Visual Studio 2010\Projects\Tetris\Debug\Tetris.lib" /MACHINE:X86 Debug\Tetris.exe.embed.manifest.res
         Debug\audio.obj
         Debug\game.obj
         Debug\main.obj
         Debug\objects.obj
         Debug\textures.obj
         "..\..\..\..\..\..\..\Program Files\FMOD SoundSystem\FMOD Programmers API Windows\api\lib\fmodex_vc.lib"
       Manifest:
         C:\Program Files\Microsoft SDKs\Windows\v7.0A\bin\mt.exe /nologo /verbose /out:"Debug\Tetris.exe.embed.manifest" /manifest Debug\Tetris.exe.intermediate.manifest
         Alle Ausgaben sind aktuell.
       LinkEmbedManifest:
         Alle Ausgaben sind aktuell.
         Tetris.vcxproj -> C:\Users\Ethem\Documents\Visual Studio 2010\Projects\Tetris\Debug\Tetris.exe
       FinalizeBuildStatus:
         Die Datei "Debug\Tetris.unsuccessfulbuild" wird gelöscht.
         Aktualisieren des Timestamps von "Debug\Tetris.lastbuildstate".
     1>Die Erstellung des Projekts "C:\Users\Ethem\Documents\Visual Studio 2010\Projects\Tetris\Tetris\Tetris.vcxproj" ist abgeschlossen, build Ziel(e).

Das Erstellen war erfolgreich.

Verstrichene Zeit 00:00:02.15
